# JRE version: OpenJDK Runtime Environment (8.0_152-b01) (build 1.8.0_152-release-915-b01)
# Java VM: OpenJDK 64-Bit Server VM (25.152-b01 mixed mode windows-amd64 compressed oops)
Heap:
 PSYoungGen      total 307200K, used 165243K [0x00000000eab00000, 0x0000000100000000, 0x0000000100000000)
  eden space 273920K, 48% used [0x00000000eab00000,0x00000000f2be3a60,0x00000000fb680000)
  from space 33280K, 99% used [0x00000000fb680000,0x00000000fd6fb500,0x00000000fd700000)
  to   space 40960K, 0% used [0x00000000fd800000,0x00000000fd800000,0x0000000100000000)
 ParOldGen       total 144384K, used 59689K [0x00000000c0000000, 0x00000000c8d00000, 0x00000000eab00000)
  object space 144384K, 41% used [0x00000000c0000000,0x00000000c3a4a550,0x00000000c8d00000)
 Metaspace       used 78188K, capacity 82712K, committed 82776K, reserved 1120256K
  class space    used 10310K, capacity 11349K, committed 11392K, reserved 1048576K
GC Heap History (10 events):
Event: 12.881 GC heap before
{Heap before GC invocations=14 (full 2):
 PSYoungGen      total 161792K, used 18678K [0x00000000eab00000, 0x00000000f8e80000, 0x0000000100000000)
  eden space 145920K, 1% used [0x00000000eab00000,0x00000000eadc3d00,0x00000000f3980000)
  from space 15872K, 99% used [0x00000000f3980000,0x00000000f48f9ba8,0x00000000f4900000)
  to   space 21504K, 0% used [0x00000000f7980000,0x00000000f7980000,0x00000000f8e80000)
 ParOldGen       total 109568K, used 26669K [0x00000000c0000000, 0x00000000c6b00000, 0x00000000eab00000)
  object space 109568K, 24% used [0x00000000c0000000,0x00000000c1a0b5e8,0x00000000c6b00000)
 Metaspace       used 56798K, capacity 58868K, committed 59028K, reserved 1099776K
  class space    used 7617K, capacity 8215K, committed 8320K, reserved 1048576K
Event: 12.957 GC heap after
Heap after GC invocations=14 (full 2):
 PSYoungGen      total 210432K, used 16182K [0x00000000eab00000, 0x00000000fb280000, 0x0000000100000000)
  eden space 188928K, 0% used [0x00000000eab00000,0x00000000eab00000,0x00000000f6380000)
  from space 21504K, 75% used [0x00000000f7980000,0x00000000f894dbb8,0x00000000f8e80000)
  to   space 22528K, 0% used [0x00000000f6380000,0x00000000f6380000,0x00000000f7980000)
 ParOldGen       total 109568K, used 26669K [0x00000000c0000000, 0x00000000c6b00000, 0x00000000eab00000)
  object space 109568K, 24% used [0x00000000c0000000,0x00000000c1a0b5e8,0x00000000c6b00000)
 Metaspace       used 56798K, capacity 58868K, committed 59028K, reserved 1099776K
  class space    used 7617K, capacity 8215K, committed 8320K, reserved 1048576K
}
Event: 12.957 GC heap before
{Heap before GC invocations=15 (full 3):
 PSYoungGen      total 210432K, used 16182K [0x00000000eab00000, 0x00000000fb280000, 0x0000000100000000)
  eden space 188928K, 0% used [0x00000000eab00000,0x00000000eab00000,0x00000000f6380000)
  from space 21504K, 75% used [0x00000000f7980000,0x00000000f894dbb8,0x00000000f8e80000)
  to   space 22528K, 0% used [0x00000000f6380000,0x00000000f6380000,0x00000000f7980000)
 ParOldGen       total 109568K, used 26669K [0x00000000c0000000, 0x00000000c6b00000, 0x00000000eab00000)
  object space 109568K, 24% used [0x00000000c0000000,0x00000000c1a0b5e8,0x00000000c6b00000)
 Metaspace       used 56798K, capacity 58868K, committed 59028K, reserved 1099776K
  class space    used 7617K, capacity 8215K, committed 8320K, reserved 1048576K
Event: 13.300 GC heap after
Heap after GC invocations=15 (full 3):
 PSYoungGen      total 210432K, used 0K [0x00000000eab00000, 0x00000000fb280000, 0x0000000100000000)
  eden space 188928K, 0% used [0x00000000eab00000,0x00000000eab00000,0x00000000f6380000)
  from space 21504K, 0% used [0x00000000f7980000,0x00000000f7980000,0x00000000f8e80000)
  to   space 22528K, 0% used [0x00000000f6380000,0x00000000f6380000,0x00000000f7980000)
 ParOldGen       total 144384K, used 40713K [0x00000000c0000000, 0x00000000c8d00000, 0x00000000eab00000)
  object space 144384K, 28% used [0x00000000c0000000,0x00000000c27c26d0,0x00000000c8d00000)
 Metaspace       used 56783K, capacity 58850K, committed 59028K, reserved 1099776K
  class space    used 7612K, capacity 8209K, committed 8320K, reserved 1048576K
}
Event: 19.386 GC heap before
{Heap before GC invocations=16 (full 3):
 PSYoungGen      total 210432K, used 188928K [0x00000000eab00000, 0x00000000fb280000, 0x0000000100000000)
  eden space 188928K, 100% used [0x00000000eab00000,0x00000000f6380000,0x00000000f6380000)
  from space 21504K, 0% used [0x00000000f7980000,0x00000000f7980000,0x00000000f8e80000)
  to   space 22528K, 0% used [0x00000000f6380000,0x00000000f6380000,0x00000000f7980000)
 ParOldGen       total 144384K, used 40713K [0x00000000c0000000, 0x00000000c8d00000, 0x00000000eab00000)
  object space 144384K, 28% used [0x00000000c0000000,0x00000000c27c26d0,0x00000000c8d00000)
 Metaspace       used 64205K, capacity 67028K, committed 67288K, reserved 1107968K
  class space    used 8709K, capacity 9405K, committed 9472K, reserved 1048576K
Event: 19.416 GC heap after
Heap after GC invocations=16 (full 3):
 PSYoungGen      total 211456K, used 22513K [0x00000000eab00000, 0x00000000ff000000, 0x0000000100000000)
  eden space 188928K, 0% used [0x00000000eab00000,0x00000000eab00000,0x00000000f6380000)
  from space 22528K, 99% used [0x00000000f6380000,0x00000000f797c7f8,0x00000000f7980000)
  to   space 25600K, 0% used [0x00000000fd700000,0x00000000fd700000,0x00000000ff000000)
 ParOldGen       total 144384K, used 41092K [0x00000000c0000000, 0x00000000c8d00000, 0x00000000eab00000)
  object space 144384K, 28% used [0x00000000c0000000,0x00000000c28210e0,0x00000000c8d00000)
 Metaspace       used 64205K, capacity 67028K, committed 67288K, reserved 1107968K
  class space    used 8709K, capacity 9405K, committed 9472K, reserved 1048576K
}
Event: 25.740 GC heap before
{Heap before GC invocations=17 (full 3):
 PSYoungGen      total 211456K, used 211441K [0x00000000eab00000, 0x00000000ff000000, 0x0000000100000000)
  eden space 188928K, 100% used [0x00000000eab00000,0x00000000f6380000,0x00000000f6380000)
  from space 22528K, 99% used [0x00000000f6380000,0x00000000f797c7f8,0x00000000f7980000)
  to   space 25600K, 0% used [0x00000000fd700000,0x00000000fd700000,0x00000000ff000000)
 ParOldGen       total 144384K, used 41092K [0x00000000c0000000, 0x00000000c8d00000, 0x00000000eab00000)
  object space 144384K, 28% used [0x00000000c0000000,0x00000000c28210e0,0x00000000c8d00000)
 Metaspace       used 69624K, capacity 73232K, committed 73304K, reserved 1112064K
  class space    used 9256K, capacity 10107K, committed 10112K, reserved 1048576K
Event: 25.791 GC heap after
Heap after GC invocations=17 (full 3):
 PSYoungGen      total 299520K, used 25597K [0x00000000eab00000, 0x00000000ffa80000, 0x0000000100000000)
  eden space 273920K, 0% used [0x00000000eab00000,0x00000000eab00000,0x00000000fb680000)
  from space 25600K, 99% used [0x00000000fd700000,0x00000000fefff500,0x00000000ff000000)
  to   space 33280K, 0% used [0x00000000fb680000,0x00000000fb680000,0x00000000fd700000)
 ParOldGen       total 144384K, used 51975K [0x00000000c0000000, 0x00000000c8d00000, 0x00000000eab00000)
  object space 144384K, 35% used [0x00000000c0000000,0x00000000c32c1ec0,0x00000000c8d00000)
 Metaspace       used 69624K, capacity 73232K, committed 73304K, reserved 1112064K
  class space    used 9256K, capacity 10107K, committed 10112K, reserved 1048576K
}
Event: 36.010 GC heap before
{Heap before GC invocations=18 (full 3):
 PSYoungGen      total 299520K, used 299517K [0x00000000eab00000, 0x00000000ffa80000, 0x0000000100000000)
  eden space 273920K, 100% used [0x00000000eab00000,0x00000000fb680000,0x00000000fb680000)
  from space 25600K, 99% used [0x00000000fd700000,0x00000000fefff500,0x00000000ff000000)
  to   space 33280K, 0% used [0x00000000fb680000,0x00000000fb680000,0x00000000fd700000)
 ParOldGen       total 144384K, used 51975K [0x00000000c0000000, 0x00000000c8d00000, 0x00000000eab00000)
  object space 144384K, 35% used [0x00000000c0000000,0x00000000c32c1ec0,0x00000000c8d00000)
 Metaspace       used 74351K, capacity 78400K, committed 78680K, reserved 1118208K
  class space    used 9838K, capacity 10813K, committed 10880K, reserved 1048576K
Event: 36.055 GC heap after
Heap after GC invocations=18 (full 3):
 PSYoungGen      total 307200K, used 33261K [0x00000000eab00000, 0x0000000100000000, 0x0000000100000000)
  eden space 273920K, 0% used [0x00000000eab00000,0x00000000eab00000,0x00000000fb680000)
  from space 33280K, 99% used [0x00000000fb680000,0x00000000fd6fb500,0x00000000fd700000)
  to   space 40960K, 0% used [0x00000000fd800000,0x00000000fd800000,0x0000000100000000)
 ParOldGen       total 144384K, used 59689K [0x00000000c0000000, 0x00000000c8d00000, 0x00000000eab00000)
  object space 144384K, 41% used [0x00000000c0000000,0x00000000c3a4a550,0x00000000c8d00000)
 Metaspace       used 74351K, capacity 78400K, committed 78680K, reserved 1118208K
  class space    used 9838K, capacity 10813K, committed 10880K, reserved 1048576K
}

