# JRE version: OpenJDK Runtime Environment (8.0_152-b01) (build 1.8.0_152-release-915-b01)
# Java VM: OpenJDK 64-Bit Server VM (25.152-b01 mixed mode windows-amd64 compressed oops)
Heap:
 PSYoungGen      total 137216K, used 39489K [0x00000000eab00000, 0x00000000f4480000, 0x0000000100000000)
  eden space 128000K, 23% used [0x00000000eab00000,0x00000000ec8a0660,0x00000000f2800000)
  from space 9216K, 99% used [0x00000000f3b80000,0x00000000f446fdb8,0x00000000f4480000)
  to   space 12800K, 0% used [0x00000000f2b80000,0x00000000f2b80000,0x00000000f3800000)
 ParOldGen       total 105472K, used 16276K [0x00000000c0000000, 0x00000000c6700000, 0x00000000eab00000)
  object space 105472K, 15% used [0x00000000c0000000,0x00000000c0fe50f0,0x00000000c6700000)
 Metaspace       used 44442K, capacity 45390K, committed 45656K, reserved 1089536K
  class space    used 5842K, capacity 6203K, committed 6272K, reserved 1048576K
GC Heap History (10 events):
Event: 3.759 GC heap before
{Heap before GC invocations=6 (full 1):
 PSYoungGen      total 71680K, used 66560K [0x00000000eab00000, 0x00000000ef600000, 0x0000000100000000)
  eden space 66560K, 100% used [0x00000000eab00000,0x00000000eec00000,0x00000000eec00000)
  from space 5120K, 0% used [0x00000000ef100000,0x00000000ef100000,0x00000000ef600000)
  to   space 5120K, 0% used [0x00000000eec00000,0x00000000eec00000,0x00000000ef100000)
 ParOldGen       total 66048K, used 9013K [0x00000000c0000000, 0x00000000c4080000, 0x00000000eab00000)
  object space 66048K, 13% used [0x00000000c0000000,0x00000000c08cd4d0,0x00000000c4080000)
 Metaspace       used 26225K, capacity 26734K, committed 26880K, reserved 1073152K
  class space    used 3557K, capacity 3750K, committed 3840K, reserved 1048576K
Event: 3.771 GC heap after
Heap after GC invocations=6 (full 1):
 PSYoungGen      total 71680K, used 5110K [0x00000000eab00000, 0x00000000f1d80000, 0x0000000100000000)
  eden space 66560K, 0% used [0x00000000eab00000,0x00000000eab00000,0x00000000eec00000)
  from space 5120K, 99% used [0x00000000eec00000,0x00000000ef0fdb30,0x00000000ef100000)
  to   space 10240K, 0% used [0x00000000f1380000,0x00000000f1380000,0x00000000f1d80000)
 ParOldGen       total 66048K, used 10853K [0x00000000c0000000, 0x00000000c4080000, 0x00000000eab00000)
  object space 66048K, 16% used [0x00000000c0000000,0x00000000c0a99498,0x00000000c4080000)
 Metaspace       used 26225K, capacity 26734K, committed 26880K, reserved 1073152K
  class space    used 3557K, capacity 3750K, committed 3840K, reserved 1048576K
}
Event: 4.890 GC heap before
{Heap before GC invocations=7 (full 1):
 PSYoungGen      total 71680K, used 71670K [0x00000000eab00000, 0x00000000f1d80000, 0x0000000100000000)
  eden space 66560K, 100% used [0x00000000eab00000,0x00000000eec00000,0x00000000eec00000)
  from space 5120K, 99% used [0x00000000eec00000,0x00000000ef0fdb30,0x00000000ef100000)
  to   space 10240K, 0% used [0x00000000f1380000,0x00000000f1380000,0x00000000f1d80000)
 ParOldGen       total 66048K, used 10853K [0x00000000c0000000, 0x00000000c4080000, 0x00000000eab00000)
  object space 66048K, 16% used [0x00000000c0000000,0x00000000c0a99498,0x00000000c4080000)
 Metaspace       used 31658K, capacity 32366K, committed 32640K, reserved 1077248K
  class space    used 4360K, capacity 4622K, committed 4736K, reserved 1048576K
Event: 4.904 GC heap after
Heap after GC invocations=7 (full 1):
 PSYoungGen      total 104960K, used 10218K [0x00000000eab00000, 0x00000000f2100000, 0x0000000100000000)
  eden space 94720K, 0% used [0x00000000eab00000,0x00000000eab00000,0x00000000f0780000)
  from space 10240K, 99% used [0x00000000f1380000,0x00000000f1d7a8a0,0x00000000f1d80000)
  to   space 12288K, 0% used [0x00000000f0780000,0x00000000f0780000,0x00000000f1380000)
 ParOldGen       total 66048K, used 12127K [0x00000000c0000000, 0x00000000c4080000, 0x00000000eab00000)
  object space 66048K, 18% used [0x00000000c0000000,0x00000000c0bd7dd8,0x00000000c4080000)
 Metaspace       used 31658K, capacity 32366K, committed 32640K, reserved 1077248K
  class space    used 4360K, capacity 4622K, committed 4736K, reserved 1048576K
}
Event: 6.187 GC heap before
{Heap before GC invocations=8 (full 1):
 PSYoungGen      total 104960K, used 82219K [0x00000000eab00000, 0x00000000f2100000, 0x0000000100000000)
  eden space 94720K, 76% used [0x00000000eab00000,0x00000000ef1503f0,0x00000000f0780000)
  from space 10240K, 99% used [0x00000000f1380000,0x00000000f1d7a8a0,0x00000000f1d80000)
  to   space 12288K, 0% used [0x00000000f0780000,0x00000000f0780000,0x00000000f1380000)
 ParOldGen       total 66048K, used 12127K [0x00000000c0000000, 0x00000000c4080000, 0x00000000eab00000)
  object space 66048K, 18% used [0x00000000c0000000,0x00000000c0bd7dd8,0x00000000c4080000)
 Metaspace       used 34565K, capacity 35278K, committed 35416K, reserved 1079296K
  class space    used 4627K, capacity 4910K, committed 4992K, reserved 1048576K
Event: 6.198 GC heap after
Heap after GC invocations=8 (full 1):
 PSYoungGen      total 107008K, used 10118K [0x00000000eab00000, 0x00000000f4880000, 0x0000000100000000)
  eden space 94720K, 0% used [0x00000000eab00000,0x00000000eab00000,0x00000000f0780000)
  from space 12288K, 82% used [0x00000000f0780000,0x00000000f1161928,0x00000000f1380000)
  to   space 13312K, 0% used [0x00000000f3b80000,0x00000000f3b80000,0x00000000f4880000)
 ParOldGen       total 66048K, used 12199K [0x00000000c0000000, 0x00000000c4080000, 0x00000000eab00000)
  object space 66048K, 18% used [0x00000000c0000000,0x00000000c0be9de8,0x00000000c4080000)
 Metaspace       used 34565K, capacity 35278K, committed 35416K, reserved 1079296K
  class space    used 4627K, capacity 4910K, committed 4992K, reserved 1048576K
}
Event: 6.198 GC heap before
{Heap before GC invocations=9 (full 2):
 PSYoungGen      total 107008K, used 10118K [0x00000000eab00000, 0x00000000f4880000, 0x0000000100000000)
  eden space 94720K, 0% used [0x00000000eab00000,0x00000000eab00000,0x00000000f0780000)
  from space 12288K, 82% used [0x00000000f0780000,0x00000000f1161928,0x00000000f1380000)
  to   space 13312K, 0% used [0x00000000f3b80000,0x00000000f3b80000,0x00000000f4880000)
 ParOldGen       total 66048K, used 12199K [0x00000000c0000000, 0x00000000c4080000, 0x00000000eab00000)
  object space 66048K, 18% used [0x00000000c0000000,0x00000000c0be9de8,0x00000000c4080000)
 Metaspace       used 34565K, capacity 35278K, committed 35416K, reserved 1079296K
  class space    used 4627K, capacity 4910K, committed 4992K, reserved 1048576K
Event: 6.280 GC heap after
Heap after GC invocations=9 (full 2):
 PSYoungGen      total 107008K, used 0K [0x00000000eab00000, 0x00000000f4880000, 0x0000000100000000)
  eden space 94720K, 0% used [0x00000000eab00000,0x00000000eab00000,0x00000000f0780000)
  from space 12288K, 0% used [0x00000000f0780000,0x00000000f0780000,0x00000000f1380000)
  to   space 13312K, 0% used [0x00000000f3b80000,0x00000000f3b80000,0x00000000f4880000)
 ParOldGen       total 105472K, used 16268K [0x00000000c0000000, 0x00000000c6700000, 0x00000000eab00000)
  object space 105472K, 15% used [0x00000000c0000000,0x00000000c0fe30f0,0x00000000c6700000)
 Metaspace       used 34542K, capacity 35254K, committed 35416K, reserved 1079296K
  class space    used 4620K, capacity 4902K, committed 4992K, reserved 1048576K
}
Event: 7.617 GC heap before
{Heap before GC invocations=10 (full 2):
 PSYoungGen      total 107008K, used 94720K [0x00000000eab00000, 0x00000000f4880000, 0x0000000100000000)
  eden space 94720K, 100% used [0x00000000eab00000,0x00000000f0780000,0x00000000f0780000)
  from space 12288K, 0% used [0x00000000f0780000,0x00000000f0780000,0x00000000f1380000)
  to   space 13312K, 0% used [0x00000000f3b80000,0x00000000f3b80000,0x00000000f4880000)
 ParOldGen       total 105472K, used 16268K [0x00000000c0000000, 0x00000000c6700000, 0x00000000eab00000)
  object space 105472K, 15% used [0x00000000c0000000,0x00000000c0fe30f0,0x00000000c6700000)
 Metaspace       used 43085K, capacity 44000K, committed 44248K, reserved 1087488K
  class space    used 5695K, capacity 6050K, committed 6144K, reserved 1048576K
Event: 7.627 GC heap after
Heap after GC invocations=10 (full 2):
 PSYoungGen      total 137216K, used 9151K [0x00000000eab00000, 0x00000000f4480000, 0x0000000100000000)
  eden space 128000K, 0% used [0x00000000eab00000,0x00000000eab00000,0x00000000f2800000)
  from space 9216K, 99% used [0x00000000f3b80000,0x00000000f446fdb8,0x00000000f4480000)
  to   space 12800K, 0% used [0x00000000f2b80000,0x00000000f2b80000,0x00000000f3800000)
 ParOldGen       total 105472K, used 16276K [0x00000000c0000000, 0x00000000c6700000, 0x00000000eab00000)
  object space 105472K, 15% used [0x00000000c0000000,0x00000000c0fe50f0,0x00000000c6700000)
 Metaspace       used 43085K, capacity 44000K, committed 44248K, reserved 1087488K
  class space    used 5695K, capacity 6050K, committed 6144K, reserved 1048576K
}

