# JRE version: OpenJDK Runtime Environment (8.0_152-b01) (build 1.8.0_152-release-915-b01)
# Java VM: OpenJDK 64-Bit Server VM (25.152-b01 mixed mode windows-amd64 compressed oops)
Heap:
 PSYoungGen      total 99328K, used 30552K [0x00000000eab00000, 0x00000000f3280000, 0x0000000100000000)
  eden space 87040K, 23% used [0x00000000eab00000,0x00000000ebe99c98,0x00000000f0000000)
  from space 12288K, 85% used [0x00000000f0000000,0x00000000f0a3c4d8,0x00000000f0c00000)
  to   space 13312K, 0% used [0x00000000f2580000,0x00000000f2580000,0x00000000f3280000)
 ParOldGen       total 103424K, used 17349K [0x00000000c0000000, 0x00000000c6500000, 0x00000000eab00000)
  object space 103424K, 16% used [0x00000000c0000000,0x00000000c10f1788,0x00000000c6500000)
 Metaspace       used 46398K, capacity 47560K, committed 47872K, reserved 1091584K
  class space    used 6242K, capacity 6622K, committed 6656K, reserved 1048576K
GC Heap History (10 events):
Event: 10.683 GC heap before
{Heap before GC invocations=9 (full 1):
 PSYoungGen      total 57344K, used 55174K [0x00000000eab00000, 0x00000000f0500000, 0x0000000100000000)
  eden space 46592K, 100% used [0x00000000eab00000,0x00000000ed880000,0x00000000ed880000)
  from space 10752K, 79% used [0x00000000ed880000,0x00000000ee0e1ab8,0x00000000ee300000)
  to   space 11264K, 0% used [0x00000000efa00000,0x00000000efa00000,0x00000000f0500000)
 ParOldGen       total 67584K, used 9044K [0x00000000c0000000, 0x00000000c4200000, 0x00000000eab00000)
  object space 67584K, 13% used [0x00000000c0000000,0x00000000c08d52d8,0x00000000c4200000)
 Metaspace       used 31514K, capacity 32266K, committed 32640K, reserved 1077248K
  class space    used 4317K, capacity 4612K, committed 4736K, reserved 1048576K
Event: 10.695 GC heap after
Heap after GC invocations=9 (full 1):
 PSYoungGen      total 79872K, used 8087K [0x00000000eab00000, 0x00000000f0480000, 0x0000000100000000)
  eden space 69120K, 0% used [0x00000000eab00000,0x00000000eab00000,0x00000000eee80000)
  from space 10752K, 75% used [0x00000000efa00000,0x00000000f01e5e90,0x00000000f0480000)
  to   space 11264K, 0% used [0x00000000eee80000,0x00000000eee80000,0x00000000ef980000)
 ParOldGen       total 67584K, used 9052K [0x00000000c0000000, 0x00000000c4200000, 0x00000000eab00000)
  object space 67584K, 13% used [0x00000000c0000000,0x00000000c08d72d8,0x00000000c4200000)
 Metaspace       used 31514K, capacity 32266K, committed 32640K, reserved 1077248K
  class space    used 4317K, capacity 4612K, committed 4736K, reserved 1048576K
}
Event: 16.121 GC heap before
{Heap before GC invocations=10 (full 1):
 PSYoungGen      total 79872K, used 54488K [0x00000000eab00000, 0x00000000f0480000, 0x0000000100000000)
  eden space 69120K, 67% used [0x00000000eab00000,0x00000000ed850518,0x00000000eee80000)
  from space 10752K, 75% used [0x00000000efa00000,0x00000000f01e5e90,0x00000000f0480000)
  to   space 11264K, 0% used [0x00000000eee80000,0x00000000eee80000,0x00000000ef980000)
 ParOldGen       total 67584K, used 9052K [0x00000000c0000000, 0x00000000c4200000, 0x00000000eab00000)
  object space 67584K, 13% used [0x00000000c0000000,0x00000000c08d72d8,0x00000000c4200000)
 Metaspace       used 34421K, capacity 35252K, committed 35416K, reserved 1079296K
  class space    used 4683K, capacity 5036K, committed 5120K, reserved 1048576K
Event: 16.132 GC heap after
Heap after GC invocations=10 (full 1):
 PSYoungGen      total 80384K, used 11209K [0x00000000eab00000, 0x00000000f1880000, 0x0000000100000000)
  eden space 69120K, 0% used [0x00000000eab00000,0x00000000eab00000,0x00000000eee80000)
  from space 11264K, 99% used [0x00000000eee80000,0x00000000ef9727b0,0x00000000ef980000)
  to   space 12800K, 0% used [0x00000000f0c00000,0x00000000f0c00000,0x00000000f1880000)
 ParOldGen       total 67584K, used 9124K [0x00000000c0000000, 0x00000000c4200000, 0x00000000eab00000)
  object space 67584K, 13% used [0x00000000c0000000,0x00000000c08e92e8,0x00000000c4200000)
 Metaspace       used 34421K, capacity 35252K, committed 35416K, reserved 1079296K
  class space    used 4683K, capacity 5036K, committed 5120K, reserved 1048576K
}
Event: 16.132 GC heap before
{Heap before GC invocations=11 (full 2):
 PSYoungGen      total 80384K, used 11209K [0x00000000eab00000, 0x00000000f1880000, 0x0000000100000000)
  eden space 69120K, 0% used [0x00000000eab00000,0x00000000eab00000,0x00000000eee80000)
  from space 11264K, 99% used [0x00000000eee80000,0x00000000ef9727b0,0x00000000ef980000)
  to   space 12800K, 0% used [0x00000000f0c00000,0x00000000f0c00000,0x00000000f1880000)
 ParOldGen       total 67584K, used 9124K [0x00000000c0000000, 0x00000000c4200000, 0x00000000eab00000)
  object space 67584K, 13% used [0x00000000c0000000,0x00000000c08e92e8,0x00000000c4200000)
 Metaspace       used 34421K, capacity 35252K, committed 35416K, reserved 1079296K
  class space    used 4683K, capacity 5036K, committed 5120K, reserved 1048576K
Event: 16.214 GC heap after
Heap after GC invocations=11 (full 2):
 PSYoungGen      total 80384K, used 0K [0x00000000eab00000, 0x00000000f1880000, 0x0000000100000000)
  eden space 69120K, 0% used [0x00000000eab00000,0x00000000eab00000,0x00000000eee80000)
  from space 11264K, 0% used [0x00000000eee80000,0x00000000eee80000,0x00000000ef980000)
  to   space 12800K, 0% used [0x00000000f0c00000,0x00000000f0c00000,0x00000000f1880000)
 ParOldGen       total 103424K, used 17333K [0x00000000c0000000, 0x00000000c6500000, 0x00000000eab00000)
  object space 103424K, 16% used [0x00000000c0000000,0x00000000c10ed788,0x00000000c6500000)
 Metaspace       used 34421K, capacity 35252K, committed 35416K, reserved 1079296K
  class space    used 4683K, capacity 5036K, committed 5120K, reserved 1048576K
}
Event: 17.207 GC heap before
{Heap before GC invocations=12 (full 2):
 PSYoungGen      total 80384K, used 69120K [0x00000000eab00000, 0x00000000f1880000, 0x0000000100000000)
  eden space 69120K, 100% used [0x00000000eab00000,0x00000000eee80000,0x00000000eee80000)
  from space 11264K, 0% used [0x00000000eee80000,0x00000000eee80000,0x00000000ef980000)
  to   space 12800K, 0% used [0x00000000f0c00000,0x00000000f0c00000,0x00000000f1880000)
 ParOldGen       total 103424K, used 17333K [0x00000000c0000000, 0x00000000c6500000, 0x00000000eab00000)
  object space 103424K, 16% used [0x00000000c0000000,0x00000000c10ed788,0x00000000c6500000)
 Metaspace       used 40242K, capacity 41078K, committed 41344K, reserved 1085440K
  class space    used 5399K, capacity 5720K, committed 5760K, reserved 1048576K
Event: 17.215 GC heap after
Heap after GC invocations=12 (full 2):
 PSYoungGen      total 99840K, used 5936K [0x00000000eab00000, 0x00000000f1980000, 0x0000000100000000)
  eden space 87040K, 0% used [0x00000000eab00000,0x00000000eab00000,0x00000000f0000000)
  from space 12800K, 46% used [0x00000000f0c00000,0x00000000f11cc1d8,0x00000000f1880000)
  to   space 12288K, 0% used [0x00000000f0000000,0x00000000f0000000,0x00000000f0c00000)
 ParOldGen       total 103424K, used 17341K [0x00000000c0000000, 0x00000000c6500000, 0x00000000eab00000)
  object space 103424K, 16% used [0x00000000c0000000,0x00000000c10ef788,0x00000000c6500000)
 Metaspace       used 40242K, capacity 41078K, committed 41344K, reserved 1085440K
  class space    used 5399K, capacity 5720K, committed 5760K, reserved 1048576K
}
Event: 18.546 GC heap before
{Heap before GC invocations=13 (full 2):
 PSYoungGen      total 99840K, used 92976K [0x00000000eab00000, 0x00000000f1980000, 0x0000000100000000)
  eden space 87040K, 100% used [0x00000000eab00000,0x00000000f0000000,0x00000000f0000000)
  from space 12800K, 46% used [0x00000000f0c00000,0x00000000f11cc1d8,0x00000000f1880000)
  to   space 12288K, 0% used [0x00000000f0000000,0x00000000f0000000,0x00000000f0c00000)
 ParOldGen       total 103424K, used 17341K [0x00000000c0000000, 0x00000000c6500000, 0x00000000eab00000)
  object space 103424K, 16% used [0x00000000c0000000,0x00000000c10ef788,0x00000000c6500000)
 Metaspace       used 43316K, capacity 44412K, committed 44672K, reserved 1087488K
  class space    used 5808K, capacity 6188K, committed 6272K, reserved 1048576K
Event: 18.561 GC heap after
Heap after GC invocations=13 (full 2):
 PSYoungGen      total 99328K, used 10481K [0x00000000eab00000, 0x00000000f3280000, 0x0000000100000000)
  eden space 87040K, 0% used [0x00000000eab00000,0x00000000eab00000,0x00000000f0000000)
  from space 12288K, 85% used [0x00000000f0000000,0x00000000f0a3c4d8,0x00000000f0c00000)
  to   space 13312K, 0% used [0x00000000f2580000,0x00000000f2580000,0x00000000f3280000)
 ParOldGen       total 103424K, used 17349K [0x00000000c0000000, 0x00000000c6500000, 0x00000000eab00000)
  object space 103424K, 16% used [0x00000000c0000000,0x00000000c10f1788,0x00000000c6500000)
 Metaspace       used 43316K, capacity 44412K, committed 44672K, reserved 1087488K
  class space    used 5808K, capacity 6188K, committed 6272K, reserved 1048576K
}

